{"failedCount":5,"prefixedPath":"classpath:examples\/users\/users.feature","packageQualifiedName":"examples.users.users","loopIndex":-1,"relativePath":"examples\/users\/users.feature","scenarioResults":[{"sectionIndex":0,"stepResults":[{"result":{"nanos":264600,"millis":0.2646,"status":"passed"},"step":{"background":true,"line":4,"prefix":"*","index":0,"text":"url 'https:\/\/reqres.in\/api\/'"},"stepLog":"11:20:10.183 The Environment Is : qa \n"},{"result":{"nanos":167801,"millis":0.167801,"status":"passed"},"step":{"background":true,"line":5,"prefix":"*","index":1,"text":"header Accept = 'application\/json'"}},{"result":{"nanos":27362499,"millis":27.362499,"status":"passed"},"step":{"endLine":27,"background":true,"line":7,"prefix":"*","docString":"function(arg){\n    const arr1= [];\n    const arr2= [];\n    const arr3= [];\n    const arr4= [];\n    const arr5= [];\n    var i;\n    var j=0\n    for(i=0;i<arg.length;i++){\n                  arr1[i]= arg[i].id;\n                  arr2[i]= arg[i].email;\n                  arr3[i]= arg[i].first_name;\n                  arr4[i]= arg[i].last_name;\n                  arr5[i]= arg[i].avatar;\n                           \n    }\n    return [\"ID\",arr1,\"Email\",arr2,\"first_name\",arr3,\"last_name\",arr4,\"avatar\",arr5];\n}","index":2,"text":"def values ="}},{"result":{"nanos":862100,"millis":0.8621,"status":"passed"},"step":{"line":31,"prefix":"Given","index":0,"text":"url 'https:\/\/reqres.in\/api\/users?page=2'"}},{"result":{"nanos":75827900,"errorMessage":"http call failed after 72 milliseconds for url: https:\/\/reqres.in\/api\/users?page=2\njavax.net.ssl.SSLHandshakeException: PKIX path building failed: sun.security.provider.certpath.SunCertPathBuilderException: unable to find valid certification path to requested target\nclasspath:examples\/users\/users.feature:32","millis":75.8279,"status":"failed"},"step":{"line":32,"prefix":"When","index":1,"text":"method GET"},"stepLog":"11:20:10.220 request:\n1 > GET https:\/\/reqres.in\/api\/users?page=2\n1 > Accept: application\/json\n1 > Host: reqres.in\n1 > Connection: Keep-Alive\n1 > User-Agent: Apache-HttpClient\/4.5.14 (Java\/17.0.5)\n1 > Accept-Encoding: gzip,deflate\n\n\n11:20:10.291 javax.net.ssl.SSLHandshakeException: PKIX path building failed: sun.security.provider.certpath.SunCertPathBuilderException: unable to find valid certification path to requested target, http call failed after 72 milliseconds for url: https:\/\/reqres.in\/api\/users?page=2\n11:20:10.291 classpath:examples\/users\/users.feature:32\nWhen method GET\nhttp call failed after 72 milliseconds for url: https:\/\/reqres.in\/api\/users?page=2\njavax.net.ssl.SSLHandshakeException: PKIX path building failed: sun.security.provider.certpath.SunCertPathBuilderException: unable to find valid certification path to requested target\nclasspath:examples\/users\/users.feature:32\n"},{"result":{"nanos":0,"millis":0.0,"status":"skipped"},"step":{"line":33,"prefix":"And","index":2,"text":"print response"}},{"result":{"nanos":0,"millis":0.0,"status":"skipped"},"step":{"line":34,"prefix":"Then","index":3,"text":"status 200"}}],"line":38,"description":"","durationMillis":104.4849,"failed":true,"error":"http call failed after 72 milliseconds for url: https:\/\/reqres.in\/api\/users?page=2\njavax.net.ssl.SSLHandshakeException: PKIX path building failed: sun.security.provider.certpath.SunCertPathBuilderException: unable to find valid certification path to requested target\nclasspath:examples\/users\/users.feature:32","tags":["Get1"],"executorName":"pool-1-thread-2","name":"Automating \"Reqres\" Using GET Request Of Test Case ID - \"172468\"","startTime":1697694610182,"refId":"[1.1:38]","endTime":1697694610291,"exampleData":{"Name":"\"Reqres\"","ID":"\"172468\""},"exampleIndex":0},{"sectionIndex":1,"stepResults":[{"result":{"nanos":548499,"millis":0.548499,"status":"passed"},"step":{"background":true,"line":4,"prefix":"*","index":0,"text":"url 'https:\/\/reqres.in\/api\/'"},"stepLog":"11:20:10.233 The Environment Is : qa \n"},{"result":{"nanos":252900,"millis":0.2529,"status":"passed"},"step":{"background":true,"line":5,"prefix":"*","index":1,"text":"header Accept = 'application\/json'"}},{"result":{"nanos":2684100,"millis":2.6841,"status":"passed"},"step":{"endLine":27,"background":true,"line":7,"prefix":"*","docString":"function(arg){\n    const arr1= [];\n    const arr2= [];\n    const arr3= [];\n    const arr4= [];\n    const arr5= [];\n    var i;\n    var j=0\n    for(i=0;i<arg.length;i++){\n                  arr1[i]= arg[i].id;\n                  arr2[i]= arg[i].email;\n                  arr3[i]= arg[i].first_name;\n                  arr4[i]= arg[i].last_name;\n                  arr5[i]= arg[i].avatar;\n                           \n    }\n    return [\"ID\",arr1,\"Email\",arr2,\"first_name\",arr3,\"last_name\",arr4,\"avatar\",arr5];\n}","index":2,"text":"def values ="}},{"result":{"nanos":18837000,"errorMessage":"js failed:\n>>>>\n01: baseUrl+'users'\n<<<<\norg.graalvm.polyglot.PolyglotException: ReferenceError: \"baseUrl\" is not defined\n- <js>.:program(Unnamed:1)\n\nclasspath:examples\/users\/users.feature:42","millis":18.837,"status":"failed"},"step":{"line":42,"prefix":"Given","index":0,"text":"url baseUrl+'users'"},"stepLog":"11:20:10.258 classpath:examples\/users\/users.feature:42\nGiven url baseUrl+'users'\njs failed:\n>>>>\n01: baseUrl+'users'\n<<<<\norg.graalvm.polyglot.PolyglotException: ReferenceError: \"baseUrl\" is not defined\n- <js>.:program(Unnamed:1)\n\nclasspath:examples\/users\/users.feature:42\n"},{"result":{"nanos":0,"millis":0.0,"status":"skipped"},"step":{"line":43,"prefix":"And","index":1,"text":"param page = 2"}},{"result":{"nanos":0,"millis":0.0,"status":"skipped"},"step":{"line":44,"prefix":"When","index":2,"text":"method GET"}},{"result":{"nanos":0,"millis":0.0,"status":"skipped"},"step":{"line":45,"prefix":"And","index":3,"text":"print response"}},{"result":{"nanos":0,"millis":0.0,"status":"skipped"},"step":{"line":46,"prefix":"Then","index":4,"text":"status 200"}},{"result":{"nanos":0,"millis":0.0,"status":"skipped"},"step":{"line":47,"prefix":"*","index":5,"text":"def list = response.data"}},{"result":{"nanos":0,"millis":0.0,"status":"skipped"},"step":{"line":48,"prefix":"*","index":6,"text":"def parse = call values list"}},{"result":{"nanos":0,"millis":0.0,"status":"skipped"},"step":{"line":49,"prefix":"And","index":7,"text":"print parse"}}],"line":53,"description":"","durationMillis":22.322499,"failed":true,"error":"js failed:\n>>>>\n01: baseUrl+'users'\n<<<<\norg.graalvm.polyglot.PolyglotException: ReferenceError: \"baseUrl\" is not defined\n- <js>.:program(Unnamed:1)\n\nclasspath:examples\/users\/users.feature:42","tags":["parse"],"executorName":"pool-1-thread-3","name":"Automating \"Reqres\" Using GET Request Of Test Case ID - \"172468\"","startTime":1697694610232,"refId":"[2.1:53]","endTime":1697694610258,"exampleData":{"Name":"\"Reqres\"","ID":"\"172468\""},"exampleIndex":0},{"sectionIndex":2,"stepResults":[{"result":{"nanos":221900,"millis":0.2219,"status":"passed"},"step":{"background":true,"line":4,"prefix":"*","index":0,"text":"url 'https:\/\/reqres.in\/api\/'"},"stepLog":"11:20:10.264 The Environment Is : qa \n"},{"result":{"nanos":111601,"millis":0.111601,"status":"passed"},"step":{"background":true,"line":5,"prefix":"*","index":1,"text":"header Accept = 'application\/json'"}},{"result":{"nanos":292700,"millis":0.2927,"status":"passed"},"step":{"endLine":27,"background":true,"line":7,"prefix":"*","docString":"function(arg){\n    const arr1= [];\n    const arr2= [];\n    const arr3= [];\n    const arr4= [];\n    const arr5= [];\n    var i;\n    var j=0\n    for(i=0;i<arg.length;i++){\n                  arr1[i]= arg[i].id;\n                  arr2[i]= arg[i].email;\n                  arr3[i]= arg[i].first_name;\n                  arr4[i]= arg[i].last_name;\n                  arr5[i]= arg[i].avatar;\n                           \n    }\n    return [\"ID\",arr1,\"Email\",arr2,\"first_name\",arr3,\"last_name\",arr4,\"avatar\",arr5];\n}","index":2,"text":"def values ="}},{"result":{"nanos":529500,"millis":0.5295,"status":"passed"},"step":{"line":56,"prefix":"Given","index":0,"text":"path 'users?page=2'"}},{"result":{"nanos":1218284199,"errorMessage":"http call failed after 1217 milliseconds for url: https:\/\/reqres.in\/api\/users%3Fpage=2\njavax.net.ssl.SSLHandshakeException: PKIX path building failed: sun.security.provider.certpath.SunCertPathBuilderException: unable to find valid certification path to requested target\nclasspath:examples\/users\/users.feature:57","millis":1218.284199,"status":"failed"},"step":{"line":57,"prefix":"When","index":1,"text":"method GET"},"stepLog":"11:20:10.268 request:\n1 > GET https:\/\/reqres.in\/api\/users%3Fpage=2\n1 > Accept: application\/json\n1 > Host: reqres.in\n1 > Connection: Keep-Alive\n1 > User-Agent: Apache-HttpClient\/4.5.14 (Java\/17.0.5)\n1 > Accept-Encoding: gzip,deflate\n\n\n11:20:11.484 javax.net.ssl.SSLHandshakeException: PKIX path building failed: sun.security.provider.certpath.SunCertPathBuilderException: unable to find valid certification path to requested target, http call failed after 1217 milliseconds for url: https:\/\/reqres.in\/api\/users%3Fpage=2\n11:20:11.484 classpath:examples\/users\/users.feature:57\nWhen method GET\nhttp call failed after 1217 milliseconds for url: https:\/\/reqres.in\/api\/users%3Fpage=2\njavax.net.ssl.SSLHandshakeException: PKIX path building failed: sun.security.provider.certpath.SunCertPathBuilderException: unable to find valid certification path to requested target\nclasspath:examples\/users\/users.feature:57\n"},{"result":{"nanos":0,"millis":0.0,"status":"skipped"},"step":{"line":58,"prefix":"And","index":2,"text":"print response"}},{"result":{"nanos":0,"millis":0.0,"status":"skipped"},"step":{"line":59,"prefix":"Then","index":3,"text":"status 200"}}],"line":64,"description":"","durationMillis":1219.4399,"failed":true,"error":"http call failed after 1217 milliseconds for url: https:\/\/reqres.in\/api\/users%3Fpage=2\njavax.net.ssl.SSLHandshakeException: PKIX path building failed: sun.security.provider.certpath.SunCertPathBuilderException: unable to find valid certification path to requested target\nclasspath:examples\/users\/users.feature:57","tags":["Get2"],"executorName":"pool-1-thread-3","name":"Automating \"Reqres\" Using GET Request Of Test Case ID - \"172468\"","startTime":1697694610263,"refId":"[3.1:64]","endTime":1697694611485,"exampleData":{"Name":"\"Reqres\"","ID":"\"172468\""},"exampleIndex":0},{"sectionIndex":3,"stepResults":[{"result":{"nanos":292300,"millis":0.2923,"status":"passed"},"step":{"background":true,"line":4,"prefix":"*","index":0,"text":"url 'https:\/\/reqres.in\/api\/'"},"stepLog":"11:20:10.297 The Environment Is : qa \n"},{"result":{"nanos":162300,"millis":0.1623,"status":"passed"},"step":{"background":true,"line":5,"prefix":"*","index":1,"text":"header Accept = 'application\/json'"}},{"result":{"nanos":410501,"millis":0.410501,"status":"passed"},"step":{"endLine":27,"background":true,"line":7,"prefix":"*","docString":"function(arg){\n    const arr1= [];\n    const arr2= [];\n    const arr3= [];\n    const arr4= [];\n    const arr5= [];\n    var i;\n    var j=0\n    for(i=0;i<arg.length;i++){\n                  arr1[i]= arg[i].id;\n                  arr2[i]= arg[i].email;\n                  arr3[i]= arg[i].first_name;\n                  arr4[i]= arg[i].last_name;\n                  arr5[i]= arg[i].avatar;\n                           \n    }\n    return [\"ID\",arr1,\"Email\",arr2,\"first_name\",arr3,\"last_name\",arr4,\"avatar\",arr5];\n}","index":2,"text":"def values ="}},{"result":{"nanos":94901,"millis":0.094901,"status":"passed"},"step":{"line":68,"prefix":"Given","index":0,"text":"path 'users'"}},{"result":{"nanos":5664000,"millis":5.664,"status":"passed"},"step":{"line":69,"prefix":"And","index":1,"text":"param page = 2"}},{"result":{"nanos":75071000,"errorMessage":"http call failed after 74 milliseconds for url: https:\/\/reqres.in\/api\/users?page=2\njavax.net.ssl.SSLHandshakeException: PKIX path building failed: sun.security.provider.certpath.SunCertPathBuilderException: unable to find valid certification path to requested target\nclasspath:examples\/users\/users.feature:70","millis":75.071,"status":"failed"},"step":{"line":70,"prefix":"When","index":2,"text":"method GET"},"stepLog":"11:20:10.308 request:\n1 > GET https:\/\/reqres.in\/api\/users?page=2\n1 > Accept: application\/json\n1 > Host: reqres.in\n1 > Connection: Keep-Alive\n1 > User-Agent: Apache-HttpClient\/4.5.14 (Java\/17.0.5)\n1 > Accept-Encoding: gzip,deflate\n\n\n11:20:10.380 javax.net.ssl.SSLHandshakeException: PKIX path building failed: sun.security.provider.certpath.SunCertPathBuilderException: unable to find valid certification path to requested target, http call failed after 74 milliseconds for url: https:\/\/reqres.in\/api\/users?page=2\n11:20:10.380 classpath:examples\/users\/users.feature:70\nWhen method GET\nhttp call failed after 74 milliseconds for url: https:\/\/reqres.in\/api\/users?page=2\njavax.net.ssl.SSLHandshakeException: PKIX path building failed: sun.security.provider.certpath.SunCertPathBuilderException: unable to find valid certification path to requested target\nclasspath:examples\/users\/users.feature:70\n"},{"result":{"nanos":0,"millis":0.0,"status":"skipped"},"step":{"line":71,"prefix":"Then","index":3,"text":"status 200"}},{"result":{"nanos":0,"millis":0.0,"status":"skipped"},"step":{"line":72,"prefix":"And","index":4,"text":"print response"}},{"result":{"nanos":0,"millis":0.0,"status":"skipped"},"step":{"line":73,"prefix":"And","index":5,"text":"print responseTime"}},{"result":{"nanos":0,"millis":0.0,"status":"skipped"},"step":{"line":74,"prefix":"And","index":6,"text":"print responseStatus"}},{"result":{"nanos":0,"millis":0.0,"status":"skipped"},"step":{"line":75,"prefix":"And","index":7,"text":"print responseHeaders"}},{"result":{"nanos":0,"millis":0.0,"status":"skipped"},"step":{"line":76,"prefix":"And","index":8,"text":"print responseCookies"}}],"line":80,"description":"","durationMillis":81.695002,"failed":true,"error":"http call failed after 74 milliseconds for url: https:\/\/reqres.in\/api\/users?page=2\njavax.net.ssl.SSLHandshakeException: PKIX path building failed: sun.security.provider.certpath.SunCertPathBuilderException: unable to find valid certification path to requested target\nclasspath:examples\/users\/users.feature:70","tags":["Get3"],"executorName":"pool-1-thread-2","name":"Automating URL With Path Params","startTime":1697694610296,"refId":"[4.1:80]","endTime":1697694610380,"exampleData":{"ID":"'123456'"},"exampleIndex":0},{"sectionIndex":4,"stepResults":[{"result":{"nanos":316199,"millis":0.316199,"status":"passed"},"step":{"background":true,"line":4,"prefix":"*","index":0,"text":"url 'https:\/\/reqres.in\/api\/'"},"stepLog":"11:20:10.389 The Environment Is : qa \n"},{"result":{"nanos":197300,"millis":0.1973,"status":"passed"},"step":{"background":true,"line":5,"prefix":"*","index":1,"text":"header Accept = 'application\/json'"}},{"result":{"nanos":321299,"millis":0.321299,"status":"passed"},"step":{"endLine":27,"background":true,"line":7,"prefix":"*","docString":"function(arg){\n    const arr1= [];\n    const arr2= [];\n    const arr3= [];\n    const arr4= [];\n    const arr5= [];\n    var i;\n    var j=0\n    for(i=0;i<arg.length;i++){\n                  arr1[i]= arg[i].id;\n                  arr2[i]= arg[i].email;\n                  arr3[i]= arg[i].first_name;\n                  arr4[i]= arg[i].last_name;\n                  arr5[i]= arg[i].avatar;\n                           \n    }\n    return [\"ID\",arr1,\"Email\",arr2,\"first_name\",arr3,\"last_name\",arr4,\"avatar\",arr5];\n}","index":2,"text":"def values ="}},{"result":{"nanos":77000,"millis":0.077,"status":"passed"},"step":{"line":84,"prefix":"Given","index":0,"text":"path 'users'"}},{"result":{"nanos":212000,"millis":0.212,"status":"passed"},"step":{"line":85,"prefix":"And","index":1,"text":"param page = 2"}},{"result":{"nanos":82612599,"errorMessage":"http call failed after 81 milliseconds for url: https:\/\/reqres.in\/api\/users?page=2\njavax.net.ssl.SSLHandshakeException: PKIX path building failed: sun.security.provider.certpath.SunCertPathBuilderException: unable to find valid certification path to requested target\nclasspath:examples\/users\/users.feature:86","millis":82.612599,"status":"failed"},"step":{"line":86,"prefix":"When","index":2,"text":"method GET"},"stepLog":"11:20:10.393 request:\n1 > GET https:\/\/reqres.in\/api\/users?page=2\n1 > Accept: application\/json\n1 > Host: reqres.in\n1 > Connection: Keep-Alive\n1 > User-Agent: Apache-HttpClient\/4.5.14 (Java\/17.0.5)\n1 > Accept-Encoding: gzip,deflate\n\n\n11:20:10.474 javax.net.ssl.SSLHandshakeException: PKIX path building failed: sun.security.provider.certpath.SunCertPathBuilderException: unable to find valid certification path to requested target, http call failed after 81 milliseconds for url: https:\/\/reqres.in\/api\/users?page=2\n11:20:10.474 classpath:examples\/users\/users.feature:86\nWhen method GET\nhttp call failed after 81 milliseconds for url: https:\/\/reqres.in\/api\/users?page=2\njavax.net.ssl.SSLHandshakeException: PKIX path building failed: sun.security.provider.certpath.SunCertPathBuilderException: unable to find valid certification path to requested target\nclasspath:examples\/users\/users.feature:86\n"},{"result":{"nanos":0,"millis":0.0,"status":"skipped"},"step":{"line":87,"prefix":"And","index":3,"text":"print response"}},{"result":{"nanos":0,"millis":0.0,"status":"skipped"},"step":{"line":88,"prefix":"And","index":4,"text":"print responseTime"}},{"result":{"nanos":0,"millis":0.0,"status":"skipped"},"step":{"line":89,"prefix":"And","index":5,"text":"print responseStatus"}},{"result":{"nanos":0,"millis":0.0,"status":"skipped"},"step":{"line":90,"prefix":"And","index":6,"text":"print responseHeaders"}},{"result":{"nanos":0,"millis":0.0,"status":"skipped"},"step":{"line":91,"prefix":"And","index":7,"text":"print responseCookies"}},{"result":{"nanos":0,"millis":0.0,"status":"skipped"},"step":{"line":92,"prefix":"And","index":8,"text":"match responseStatus == 200"}},{"result":{"nanos":0,"millis":0.0,"status":"skipped"},"step":{"line":93,"prefix":"And","index":9,"text":"assert response.page == 2"}},{"result":{"nanos":0,"millis":0.0,"status":"skipped"},"step":{"line":94,"prefix":"And","index":10,"text":"match response.data[1].id == 8"}},{"result":{"nanos":0,"millis":0.0,"status":"skipped"},"step":{"line":95,"prefix":"And","index":11,"text":"match response.data[1].email == \"lindsay.ferguson@reqres.in\""}},{"result":{"nanos":0,"millis":0.0,"status":"skipped"},"step":{"line":96,"prefix":"Then","index":12,"text":"status 200"}}],"line":99,"description":"","durationMillis":83.736397,"failed":true,"error":"http call failed after 81 milliseconds for url: https:\/\/reqres.in\/api\/users?page=2\njavax.net.ssl.SSLHandshakeException: PKIX path building failed: sun.security.provider.certpath.SunCertPathBuilderException: unable to find valid certification path to requested target\nclasspath:examples\/users\/users.feature:86","tags":["Get4"],"executorName":"pool-1-thread-2","name":"Automating URL With Path Params","startTime":1697694610388,"refId":"[5.1:99]","endTime":1697694610474,"exampleData":{"ID":"'123456'"},"exampleIndex":0}],"callDepth":0,"name":"Validation Of GET Requests","description":"","resultDate":"2023-10-19 11:20:11 am","durationMillis":1511.678698,"passedCount":0}