{"failedCount":3,"prefixedPath":"classpath:examples\/users\/Put.feature","packageQualifiedName":"examples.users.Put","loopIndex":-1,"relativePath":"examples\/users\/Put.feature","scenarioResults":[{"sectionIndex":0,"stepResults":[{"result":{"nanos":780501,"millis":0.780501,"status":"passed"},"step":{"background":true,"line":4,"prefix":"*","index":0,"text":"url 'https:\/\/reqres.in\/api\/'"},"stepLog":"11:20:10.126 The Environment Is : qa \n"},{"result":{"nanos":2159099,"millis":2.159099,"status":"passed"},"step":{"background":true,"line":5,"prefix":"*","index":1,"text":"def output = read('info.json')"}},{"result":{"nanos":1400800,"millis":1.4008,"status":"passed"},"step":{"line":8,"prefix":"Given","index":0,"text":"url 'https:\/\/reqres.in\/api\/users\/2'"}},{"result":{"nanos":159500,"millis":0.1595,"status":"passed"},"step":{"line":9,"prefix":"And","index":1,"text":"request { \"name\" :\"Mahesh\", \"job\" : \"Software\"}"}},{"result":{"nanos":248522800,"errorMessage":"http call failed after 248 milliseconds for url: https:\/\/reqres.in\/api\/users\/2\njavax.net.ssl.SSLHandshakeException: PKIX path building failed: sun.security.provider.certpath.SunCertPathBuilderException: unable to find valid certification path to requested target\nclasspath:examples\/users\/Put.feature:10","millis":248.5228,"status":"failed"},"step":{"line":10,"prefix":"When","index":2,"text":"method PUT"},"stepLog":"11:20:10.134 request:\n1 > PUT https:\/\/reqres.in\/api\/users\/2\n1 > Content-Type: application\/json; charset=UTF-8\n1 > Content-Length: 34\n1 > Host: reqres.in\n1 > Connection: Keep-Alive\n1 > User-Agent: Apache-HttpClient\/4.5.14 (Java\/17.0.5)\n1 > Accept-Encoding: gzip,deflate\n{\"name\":\"Mahesh\",\"job\":\"Software\"}\n\n11:20:10.380 javax.net.ssl.SSLHandshakeException: PKIX path building failed: sun.security.provider.certpath.SunCertPathBuilderException: unable to find valid certification path to requested target, http call failed after 248 milliseconds for url: https:\/\/reqres.in\/api\/users\/2\n11:20:10.381 classpath:examples\/users\/Put.feature:10\nWhen method PUT\nhttp call failed after 248 milliseconds for url: https:\/\/reqres.in\/api\/users\/2\njavax.net.ssl.SSLHandshakeException: PKIX path building failed: sun.security.provider.certpath.SunCertPathBuilderException: unable to find valid certification path to requested target\nclasspath:examples\/users\/Put.feature:10\n"},{"result":{"nanos":0,"millis":0.0,"status":"skipped"},"step":{"line":11,"prefix":"Then","index":3,"text":"status 200"}}],"line":15,"description":"","durationMillis":253.0227,"failed":true,"error":"http call failed after 248 milliseconds for url: https:\/\/reqres.in\/api\/users\/2\njavax.net.ssl.SSLHandshakeException: PKIX path building failed: sun.security.provider.certpath.SunCertPathBuilderException: unable to find valid certification path to requested target\nclasspath:examples\/users\/Put.feature:10","tags":["Put1"],"executorName":"pool-1-thread-1","name":"Automating The \"Reqres\" With Test Case ID - \"14538\"","startTime":1697694610125,"refId":"[1.1:15]","endTime":1697694610381,"exampleData":{"Name":"\"Reqres\"","ID":"\"14538\""},"exampleIndex":0},{"sectionIndex":1,"stepResults":[{"result":{"nanos":457800,"millis":0.4578,"status":"passed"},"step":{"background":true,"line":4,"prefix":"*","index":0,"text":"url 'https:\/\/reqres.in\/api\/'"},"stepLog":"11:20:10.164 The Environment Is : qa \n"},{"result":{"nanos":1304201,"millis":1.304201,"status":"passed"},"step":{"background":true,"line":5,"prefix":"*","index":1,"text":"def output = read('info.json')"}},{"result":{"nanos":636901,"millis":0.636901,"status":"passed"},"step":{"line":18,"prefix":"Given","index":0,"text":"path 'users\/2'"}},{"result":{"nanos":130000,"millis":0.13,"status":"passed"},"step":{"line":19,"prefix":"And","index":1,"text":"request { \"name\" :\"Mahesh\", \"job\" : \"Software\"}"}},{"result":{"nanos":238222100,"errorMessage":"http call failed after 238 milliseconds for url: https:\/\/reqres.in\/api\/users\/2\njavax.net.ssl.SSLHandshakeException: PKIX path building failed: sun.security.provider.certpath.SunCertPathBuilderException: unable to find valid certification path to requested target\nclasspath:examples\/users\/Put.feature:20","millis":238.2221,"status":"failed"},"step":{"line":20,"prefix":"When","index":2,"text":"method PUT"},"stepLog":"11:20:10.171 request:\n1 > PUT https:\/\/reqres.in\/api\/users\/2\n1 > Content-Type: application\/json; charset=UTF-8\n1 > Content-Length: 34\n1 > Host: reqres.in\n1 > Connection: Keep-Alive\n1 > User-Agent: Apache-HttpClient\/4.5.14 (Java\/17.0.5)\n1 > Accept-Encoding: gzip,deflate\n{\"name\":\"Mahesh\",\"job\":\"Software\"}\n\n11:20:10.407 javax.net.ssl.SSLHandshakeException: PKIX path building failed: sun.security.provider.certpath.SunCertPathBuilderException: unable to find valid certification path to requested target, http call failed after 238 milliseconds for url: https:\/\/reqres.in\/api\/users\/2\n11:20:10.407 classpath:examples\/users\/Put.feature:20\nWhen method PUT\nhttp call failed after 238 milliseconds for url: https:\/\/reqres.in\/api\/users\/2\njavax.net.ssl.SSLHandshakeException: PKIX path building failed: sun.security.provider.certpath.SunCertPathBuilderException: unable to find valid certification path to requested target\nclasspath:examples\/users\/Put.feature:20\n"},{"result":{"nanos":0,"millis":0.0,"status":"skipped"},"step":{"line":21,"prefix":"Then","index":3,"text":"status 200"}},{"result":{"nanos":0,"millis":0.0,"status":"skipped"},"step":{"line":22,"prefix":"And","index":4,"text":"print response"}},{"result":{"nanos":0,"millis":0.0,"status":"skipped"},"step":{"line":23,"prefix":"And","index":5,"text":"match $ == { \"name\": \"#string\", \"job\": \"#string\", \"updatedAt\": \"#ignore\"}"}}],"line":27,"description":"","durationMillis":240.751002,"failed":true,"error":"http call failed after 238 milliseconds for url: https:\/\/reqres.in\/api\/users\/2\njavax.net.ssl.SSLHandshakeException: PKIX path building failed: sun.security.provider.certpath.SunCertPathBuilderException: unable to find valid certification path to requested target\nclasspath:examples\/users\/Put.feature:20","tags":["ResponsePut"],"executorName":"pool-1-thread-5","name":"Automating The \"Reqres\" With Test Case ID - \"14538\"","startTime":1697694610163,"refId":"[2.1:27]","endTime":1697694610407,"exampleData":{"Name":"\"Reqres\"","ID":"\"14538\""},"exampleIndex":0},{"sectionIndex":2,"stepResults":[{"result":{"nanos":355700,"millis":0.3557,"status":"passed"},"step":{"background":true,"line":4,"prefix":"*","index":0,"text":"url 'https:\/\/reqres.in\/api\/'"},"stepLog":"11:20:10.171 The Environment Is : qa \n"},{"result":{"nanos":1104400,"millis":1.1044,"status":"passed"},"step":{"background":true,"line":5,"prefix":"*","index":1,"text":"def output = read('info.json')"}},{"result":{"nanos":775301,"millis":0.775301,"status":"passed"},"step":{"line":31,"prefix":"Given","index":0,"text":"path 'users\/2'"}},{"result":{"nanos":206201,"millis":0.206201,"status":"passed"},"step":{"line":32,"prefix":"And","index":1,"text":"request { \"name\" :\"Mahesh\", \"job\" : \"Software\"}"}},{"result":{"nanos":240190001,"errorMessage":"http call failed after 239 milliseconds for url: https:\/\/reqres.in\/api\/users\/2\njavax.net.ssl.SSLHandshakeException: PKIX path building failed: sun.security.provider.certpath.SunCertPathBuilderException: unable to find valid certification path to requested target\nclasspath:examples\/users\/Put.feature:33","millis":240.190001,"status":"failed"},"step":{"line":33,"prefix":"When","index":2,"text":"method PUT"},"stepLog":"11:20:10.176 request:\n1 > PUT https:\/\/reqres.in\/api\/users\/2\n1 > Content-Type: application\/json; charset=UTF-8\n1 > Content-Length: 34\n1 > Host: reqres.in\n1 > Connection: Keep-Alive\n1 > User-Agent: Apache-HttpClient\/4.5.14 (Java\/17.0.5)\n1 > Accept-Encoding: gzip,deflate\n{\"name\":\"Mahesh\",\"job\":\"Software\"}\n\n11:20:10.415 javax.net.ssl.SSLHandshakeException: PKIX path building failed: sun.security.provider.certpath.SunCertPathBuilderException: unable to find valid certification path to requested target, http call failed after 239 milliseconds for url: https:\/\/reqres.in\/api\/users\/2\n11:20:10.415 classpath:examples\/users\/Put.feature:33\nWhen method PUT\nhttp call failed after 239 milliseconds for url: https:\/\/reqres.in\/api\/users\/2\njavax.net.ssl.SSLHandshakeException: PKIX path building failed: sun.security.provider.certpath.SunCertPathBuilderException: unable to find valid certification path to requested target\nclasspath:examples\/users\/Put.feature:33\n"},{"result":{"nanos":0,"millis":0.0,"status":"skipped"},"step":{"line":34,"prefix":"Then","index":3,"text":"status 200"}},{"result":{"nanos":0,"millis":0.0,"status":"skipped"},"step":{"line":35,"prefix":"And","index":4,"text":"print response"}},{"result":{"nanos":0,"millis":0.0,"status":"skipped"},"step":{"line":36,"prefix":"And","index":5,"text":"match $ == output[2]"}}],"line":40,"description":"","durationMillis":242.631603,"failed":true,"error":"http call failed after 239 milliseconds for url: https:\/\/reqres.in\/api\/users\/2\njavax.net.ssl.SSLHandshakeException: PKIX path building failed: sun.security.provider.certpath.SunCertPathBuilderException: unable to find valid certification path to requested target\nclasspath:examples\/users\/Put.feature:33","tags":["Response1Put"],"executorName":"pool-1-thread-4","name":"Automating The \"Reqres\" With Test Case ID - \"14538\"","startTime":1697694610170,"refId":"[3.1:40]","endTime":1697694610415,"exampleData":{"Name":"\"Reqres\"","ID":"\"14538\""},"exampleIndex":0}],"callDepth":0,"name":"Validating The Put Request","description":"","resultDate":"2023-10-19 11:20:11 am","durationMillis":736.405305,"passedCount":0}