<?xml version="1.0" encoding="UTF-8"?>
<testng-results ignored="0" total="1" passed="1" failed="0" skipped="0">
  <reporter-output>
  </reporter-output>
  <suite started-at="2023-11-02T17:40:22 IST" name="Default suite" finished-at="2023-11-02T17:40:28 IST" duration-ms="5316">
    <groups>
    </groups>
    <test started-at="2023-11-02T17:40:22 IST" name="Default test" finished-at="2023-11-02T17:40:28 IST" duration-ms="5316">
      <class name="Demo.RAJson">
        <test-method signature="createUserUsingJSON()[pri:0, instance:Demo.RAJson@4944252c]" started-at="2023-11-02T17:40:22 IST" name="createUserUsingJSON" finished-at="2023-11-02T17:40:28 IST" duration-ms="5265" status="PASS">
          <reporter-output>
          </reporter-output>
        </test-method> <!-- createUserUsingJSON -->
      </class> <!-- Demo.RAJson -->
    </test> <!-- Default test -->
  </suite> <!-- Default suite -->
</testng-results>
