{"failedCount":1,"prefixedPath":"classpath:examples\/users\/Put.feature","packageQualifiedName":"examples.users.Put","loopIndex":-1,"relativePath":"examples\/users\/Put.feature","scenarioResults":[{"sectionIndex":2,"stepResults":[{"result":{"nanos":1609000,"millis":1.609,"status":"passed"},"step":{"background":true,"line":4,"prefix":"*","index":0,"text":"url 'https:\/\/reqres.in\/api\/'"},"stepLog":"15:10:17.479 karate.env system property was: null \n"},{"result":{"nanos":36449200,"millis":36.4492,"status":"passed"},"step":{"background":true,"line":5,"prefix":"*","index":1,"text":"def output = read('info.json')"}},{"result":{"nanos":452500,"millis":0.4525,"status":"passed"},"step":{"line":31,"prefix":"Given","index":0,"text":"path 'users\/2'"}},{"result":{"nanos":157100,"millis":0.1571,"status":"passed"},"step":{"line":32,"prefix":"And","index":1,"text":"request { \"name\" :\"Mahesh\", \"job\" : \"Software\"}"}},{"result":{"nanos":612456500,"errorMessage":"http call failed after 561 milliseconds for url: https:\/\/reqres.in\/api\/users\/2\njavax.net.ssl.SSLHandshakeException: PKIX path building failed: sun.security.provider.certpath.SunCertPathBuilderException: unable to find valid certification path to requested target\nclasspath:examples\/users\/Put.feature:33","millis":612.4565,"status":"failed"},"step":{"line":33,"prefix":"When","index":2,"text":"method PUT"},"stepLog":"15:10:17.816 request:\n1 > PUT https:\/\/reqres.in\/api\/users\/2\n1 > Content-Type: application\/json; charset=UTF-8\n1 > Content-Length: 34\n1 > Host: reqres.in\n1 > Connection: Keep-Alive\n1 > User-Agent: Apache-HttpClient\/4.5.14 (Java\/17.0.5)\n1 > Accept-Encoding: gzip,deflate\n{\"name\":\"Mahesh\",\"job\":\"Software\"}\n\n15:10:18.161 javax.net.ssl.SSLHandshakeException: PKIX path building failed: sun.security.provider.certpath.SunCertPathBuilderException: unable to find valid certification path to requested target, http call failed after 561 milliseconds for url: https:\/\/reqres.in\/api\/users\/2\n15:10:18.162 classpath:examples\/users\/Put.feature:33\nWhen method PUT\nhttp call failed after 561 milliseconds for url: https:\/\/reqres.in\/api\/users\/2\njavax.net.ssl.SSLHandshakeException: PKIX path building failed: sun.security.provider.certpath.SunCertPathBuilderException: unable to find valid certification path to requested target\nclasspath:examples\/users\/Put.feature:33\n"},{"result":{"nanos":0,"millis":0.0,"status":"skipped"},"step":{"line":34,"prefix":"Then","index":3,"text":"status 200"}},{"result":{"nanos":0,"millis":0.0,"status":"skipped"},"step":{"line":35,"prefix":"And","index":4,"text":"print response"}},{"result":{"nanos":0,"millis":0.0,"status":"skipped"},"step":{"line":36,"prefix":"And","index":5,"text":"match $ == output[2]"}}],"line":40,"description":"","durationMillis":651.1243,"failed":true,"error":"http call failed after 561 milliseconds for url: https:\/\/reqres.in\/api\/users\/2\njavax.net.ssl.SSLHandshakeException: PKIX path building failed: sun.security.provider.certpath.SunCertPathBuilderException: unable to find valid certification path to requested target\nclasspath:examples\/users\/Put.feature:33","tags":["Response1"],"executorName":"main","name":"Automating The \"Reqres\" With Test Case ID - \"14538\"","startTime":1697622017436,"refId":"[3.1:40]","endTime":1697622018162,"exampleData":{"Name":"\"Reqres\"","ID":"\"14538\""},"exampleIndex":0}],"callDepth":0,"name":"Validating The Put Request","description":"","resultDate":"2023-10-18 03:10:18 pm","durationMillis":651.1243,"passedCount":0}