{"failedCount":3,"prefixedPath":"classpath:examples\/users\/Put.feature","packageQualifiedName":"examples.users.Put","loopIndex":-1,"relativePath":"examples\/users\/Put.feature","scenarioResults":[{"sectionIndex":0,"stepResults":[{"result":{"nanos":534500,"millis":0.5345,"status":"passed"},"step":{"background":true,"line":4,"prefix":"*","index":0,"text":"url 'https:\/\/reqres.in\/api\/'"},"stepLog":"11:02:43.190 The Environment Is : qa \n"},{"result":{"nanos":1580000,"millis":1.58,"status":"passed"},"step":{"background":true,"line":5,"prefix":"*","index":1,"text":"def output = read('info.json')"}},{"result":{"nanos":759100,"millis":0.7591,"status":"passed"},"step":{"line":8,"prefix":"Given","index":0,"text":"url 'https:\/\/reqres.in\/api\/users\/2'"}},{"result":{"nanos":202700,"millis":0.2027,"status":"passed"},"step":{"line":9,"prefix":"And","index":1,"text":"request { \"name\" :\"Mahesh\", \"job\" : \"Software\"}"}},{"result":{"nanos":71247700,"errorMessage":"http call failed after 71 milliseconds for url: https:\/\/reqres.in\/api\/users\/2\njavax.net.ssl.SSLHandshakeException: PKIX path building failed: sun.security.provider.certpath.SunCertPathBuilderException: unable to find valid certification path to requested target\nclasspath:examples\/users\/Put.feature:10","millis":71.2477,"status":"failed"},"step":{"line":10,"prefix":"When","index":2,"text":"method PUT"},"stepLog":"11:02:43.198 request:\n1 > PUT https:\/\/reqres.in\/api\/users\/2\n1 > Content-Type: application\/json; charset=UTF-8\n1 > Content-Length: 34\n1 > Host: reqres.in\n1 > Connection: Keep-Alive\n1 > User-Agent: Apache-HttpClient\/4.5.14 (Java\/17.0.5)\n1 > Accept-Encoding: gzip,deflate\n{\"name\":\"Mahesh\",\"job\":\"Software\"}\n\n11:02:43.267 javax.net.ssl.SSLHandshakeException: PKIX path building failed: sun.security.provider.certpath.SunCertPathBuilderException: unable to find valid certification path to requested target, http call failed after 71 milliseconds for url: https:\/\/reqres.in\/api\/users\/2\n11:02:43.268 classpath:examples\/users\/Put.feature:10\nWhen method PUT\nhttp call failed after 71 milliseconds for url: https:\/\/reqres.in\/api\/users\/2\njavax.net.ssl.SSLHandshakeException: PKIX path building failed: sun.security.provider.certpath.SunCertPathBuilderException: unable to find valid certification path to requested target\nclasspath:examples\/users\/Put.feature:10\n"},{"result":{"nanos":0,"millis":0.0,"status":"skipped"},"step":{"line":11,"prefix":"Then","index":3,"text":"status 200"}}],"line":15,"description":"","durationMillis":74.324,"failed":true,"error":"http call failed after 71 milliseconds for url: https:\/\/reqres.in\/api\/users\/2\njavax.net.ssl.SSLHandshakeException: PKIX path building failed: sun.security.provider.certpath.SunCertPathBuilderException: unable to find valid certification path to requested target\nclasspath:examples\/users\/Put.feature:10","tags":["Put1"],"executorName":"pool-1-thread-5","name":"Automating The \"Reqres\" With Test Case ID - \"14538\"","startTime":1697779963186,"refId":"[1.1:15]","endTime":1697779963268,"exampleData":{"Name":"\"Reqres\"","ID":"\"14538\""},"exampleIndex":0},{"sectionIndex":1,"stepResults":[{"result":{"nanos":632700,"millis":0.6327,"status":"passed"},"step":{"background":true,"line":4,"prefix":"*","index":0,"text":"url 'https:\/\/reqres.in\/api\/'"},"stepLog":"11:02:43.189 The Environment Is : qa \n"},{"result":{"nanos":1784700,"millis":1.7847,"status":"passed"},"step":{"background":true,"line":5,"prefix":"*","index":1,"text":"def output = read('info.json')"}},{"result":{"nanos":561600,"millis":0.5616,"status":"passed"},"step":{"line":18,"prefix":"Given","index":0,"text":"path 'users\/2'"}},{"result":{"nanos":143400,"millis":0.1434,"status":"passed"},"step":{"line":19,"prefix":"And","index":1,"text":"request { \"name\" :\"Mahesh\", \"job\" : \"Software\"}"}},{"result":{"nanos":230958800,"errorMessage":"http call failed after 230 milliseconds for url: https:\/\/reqres.in\/api\/users\/2\njavax.net.ssl.SSLHandshakeException: PKIX path building failed: sun.security.provider.certpath.SunCertPathBuilderException: unable to find valid certification path to requested target\nclasspath:examples\/users\/Put.feature:20","millis":230.9588,"status":"failed"},"step":{"line":20,"prefix":"When","index":2,"text":"method PUT"},"stepLog":"11:02:43.195 request:\n1 > PUT https:\/\/reqres.in\/api\/users\/2\n1 > Content-Type: application\/json; charset=UTF-8\n1 > Content-Length: 34\n1 > Host: reqres.in\n1 > Connection: Keep-Alive\n1 > User-Agent: Apache-HttpClient\/4.5.14 (Java\/17.0.5)\n1 > Accept-Encoding: gzip,deflate\n{\"name\":\"Mahesh\",\"job\":\"Software\"}\n\n11:02:43.425 javax.net.ssl.SSLHandshakeException: PKIX path building failed: sun.security.provider.certpath.SunCertPathBuilderException: unable to find valid certification path to requested target, http call failed after 230 milliseconds for url: https:\/\/reqres.in\/api\/users\/2\n11:02:43.425 classpath:examples\/users\/Put.feature:20\nWhen method PUT\nhttp call failed after 230 milliseconds for url: https:\/\/reqres.in\/api\/users\/2\njavax.net.ssl.SSLHandshakeException: PKIX path building failed: sun.security.provider.certpath.SunCertPathBuilderException: unable to find valid certification path to requested target\nclasspath:examples\/users\/Put.feature:20\n"},{"result":{"nanos":0,"millis":0.0,"status":"skipped"},"step":{"line":21,"prefix":"Then","index":3,"text":"status 200"}},{"result":{"nanos":0,"millis":0.0,"status":"skipped"},"step":{"line":22,"prefix":"And","index":4,"text":"print response"}},{"result":{"nanos":0,"millis":0.0,"status":"skipped"},"step":{"line":23,"prefix":"And","index":5,"text":"match $ == { \"name\": \"#string\", \"job\": \"#string\", \"updatedAt\": \"#ignore\"}"}}],"line":27,"description":"","durationMillis":234.0812,"failed":true,"error":"http call failed after 230 milliseconds for url: https:\/\/reqres.in\/api\/users\/2\njavax.net.ssl.SSLHandshakeException: PKIX path building failed: sun.security.provider.certpath.SunCertPathBuilderException: unable to find valid certification path to requested target\nclasspath:examples\/users\/Put.feature:20","tags":["ResponsePut"],"executorName":"pool-1-thread-2","name":"Automating The \"Reqres\" With Test Case ID - \"14538\"","startTime":1697779963186,"refId":"[2.1:27]","endTime":1697779963425,"exampleData":{"Name":"\"Reqres\"","ID":"\"14538\""},"exampleIndex":0},{"sectionIndex":2,"stepResults":[{"result":{"nanos":915800,"millis":0.9158,"status":"passed"},"step":{"background":true,"line":4,"prefix":"*","index":0,"text":"url 'https:\/\/reqres.in\/api\/'"},"stepLog":"11:02:43.216 The Environment Is : qa \n"},{"result":{"nanos":2103300,"millis":2.1033,"status":"passed"},"step":{"background":true,"line":5,"prefix":"*","index":1,"text":"def output = read('info.json')"}},{"result":{"nanos":618400,"millis":0.6184,"status":"passed"},"step":{"line":31,"prefix":"Given","index":0,"text":"path 'users\/2'"}},{"result":{"nanos":322300,"millis":0.3223,"status":"passed"},"step":{"line":32,"prefix":"And","index":1,"text":"request { \"name\" :\"Mahesh\", \"job\" : \"Software\"}"}},{"result":{"nanos":74012100,"errorMessage":"http call failed after 73 milliseconds for url: https:\/\/reqres.in\/api\/users\/2\njavax.net.ssl.SSLHandshakeException: PKIX path building failed: sun.security.provider.certpath.SunCertPathBuilderException: unable to find valid certification path to requested target\nclasspath:examples\/users\/Put.feature:33","millis":74.0121,"status":"failed"},"step":{"line":33,"prefix":"When","index":2,"text":"method PUT"},"stepLog":"11:02:43.222 request:\n1 > PUT https:\/\/reqres.in\/api\/users\/2\n1 > Content-Type: application\/json; charset=UTF-8\n1 > Content-Length: 34\n1 > Host: reqres.in\n1 > Connection: Keep-Alive\n1 > User-Agent: Apache-HttpClient\/4.5.14 (Java\/17.0.5)\n1 > Accept-Encoding: gzip,deflate\n{\"name\":\"Mahesh\",\"job\":\"Software\"}\n\n11:02:43.295 javax.net.ssl.SSLHandshakeException: PKIX path building failed: sun.security.provider.certpath.SunCertPathBuilderException: unable to find valid certification path to requested target, http call failed after 73 milliseconds for url: https:\/\/reqres.in\/api\/users\/2\n11:02:43.295 classpath:examples\/users\/Put.feature:33\nWhen method PUT\nhttp call failed after 73 milliseconds for url: https:\/\/reqres.in\/api\/users\/2\njavax.net.ssl.SSLHandshakeException: PKIX path building failed: sun.security.provider.certpath.SunCertPathBuilderException: unable to find valid certification path to requested target\nclasspath:examples\/users\/Put.feature:33\n"},{"result":{"nanos":0,"millis":0.0,"status":"skipped"},"step":{"line":34,"prefix":"Then","index":3,"text":"status 200"}},{"result":{"nanos":0,"millis":0.0,"status":"skipped"},"step":{"line":35,"prefix":"And","index":4,"text":"print response"}},{"result":{"nanos":0,"millis":0.0,"status":"skipped"},"step":{"line":36,"prefix":"And","index":5,"text":"match $ == output[2]"}}],"line":40,"description":"","durationMillis":77.9719,"failed":true,"error":"http call failed after 73 milliseconds for url: https:\/\/reqres.in\/api\/users\/2\njavax.net.ssl.SSLHandshakeException: PKIX path building failed: sun.security.provider.certpath.SunCertPathBuilderException: unable to find valid certification path to requested target\nclasspath:examples\/users\/Put.feature:33","tags":["Response1Put"],"executorName":"pool-1-thread-1","name":"Automating The \"Reqres\" With Test Case ID - \"14538\"","startTime":1697779963214,"refId":"[3.1:40]","endTime":1697779963295,"exampleData":{"Name":"\"Reqres\"","ID":"\"14538\""},"exampleIndex":0}],"callDepth":0,"name":"Validating The Put Request","description":"","resultDate":"2023-10-20 11:02:44 am","durationMillis":386.3771,"passedCount":0}