{"failedCount":1,"prefixedPath":"classpath:getDemo\/get.feature","packageQualifiedName":"getDemo.get","loopIndex":-1,"relativePath":"getDemo\/get.feature","scenarioResults":[{"sectionIndex":0,"stepResults":[{"result":{"nanos":1295200,"millis":1.2952,"status":"passed"},"step":{"background":true,"line":4,"prefix":"*","index":0,"text":"url baseURL"},"stepLog":"17:45:29.978 The Environment Is : dev \n"},{"result":{"nanos":657900,"millis":0.6579,"status":"passed"},"step":{"line":7,"prefix":"Given","index":0,"text":"path 'users'"}},{"result":{"nanos":1586000,"millis":1.586,"status":"passed"},"step":{"line":8,"prefix":"And","index":1,"text":"param page = 2"}},{"result":{"nanos":2741700,"millis":2.7417,"status":"passed"},"step":{"line":9,"prefix":"And","index":2,"text":"print Name"},"stepLog":"17:45:30.024 [print] Ruvaidha \n"},{"result":{"nanos":419438200,"errorMessage":"http call failed after 406 milliseconds for url: https:\/\/reqres.in\/api\/dev\/users?page=2\njavax.net.ssl.SSLHandshakeException: PKIX path building failed: sun.security.provider.certpath.SunCertPathBuilderException: unable to find valid certification path to requested target\nclasspath:getDemo\/get.feature:10","millis":419.4382,"status":"failed"},"step":{"line":10,"prefix":"When","index":3,"text":"method GET"},"stepLog":"17:45:30.257 request:\n1 > GET https:\/\/reqres.in\/api\/dev\/users?page=2\n1 > Host: reqres.in\n1 > Connection: Keep-Alive\n1 > User-Agent: Apache-HttpClient\/4.5.14 (Java\/17.0.5)\n1 > Accept-Encoding: gzip,deflate\n\n\n17:45:30.445 javax.net.ssl.SSLHandshakeException: PKIX path building failed: sun.security.provider.certpath.SunCertPathBuilderException: unable to find valid certification path to requested target, http call failed after 406 milliseconds for url: https:\/\/reqres.in\/api\/dev\/users?page=2\n17:45:30.446 classpath:getDemo\/get.feature:10\nWhen method GET\nhttp call failed after 406 milliseconds for url: https:\/\/reqres.in\/api\/dev\/users?page=2\njavax.net.ssl.SSLHandshakeException: PKIX path building failed: sun.security.provider.certpath.SunCertPathBuilderException: unable to find valid certification path to requested target\nclasspath:getDemo\/get.feature:10\n"},{"result":{"nanos":0,"millis":0.0,"status":"skipped"},"step":{"line":11,"prefix":"And","index":4,"text":"print response"}},{"result":{"nanos":0,"millis":0.0,"status":"skipped"},"step":{"line":12,"prefix":"Then","index":5,"text":"status 404"}}],"line":5,"description":"","durationMillis":425.719,"failed":true,"error":"http call failed after 406 milliseconds for url: https:\/\/reqres.in\/api\/dev\/users?page=2\njavax.net.ssl.SSLHandshakeException: PKIX path building failed: sun.security.provider.certpath.SunCertPathBuilderException: unable to find valid certification path to requested target\nclasspath:getDemo\/get.feature:10","executorName":"main","name":"Automating The Dummy API Of Employees List From Reqres","startTime":1697631329847,"refId":"[1:5]","endTime":1697631330447,"exampleIndex":-1}],"callDepth":0,"name":"Validating The Get Request Using Karate Framework","description":"","resultDate":"2023-10-18 05:45:30 pm","durationMillis":425.719,"passedCount":0}