{"failedCount":3,"prefixedPath":"classpath:examples\/users\/Put.feature","packageQualifiedName":"examples.users.Put","loopIndex":-1,"relativePath":"examples\/users\/Put.feature","scenarioResults":[{"sectionIndex":0,"stepResults":[{"result":{"nanos":753000,"millis":0.753,"status":"passed"},"step":{"background":true,"line":4,"prefix":"*","index":0,"text":"url 'https:\/\/reqres.in\/api\/'"},"stepLog":"11:22:14.084 The Environment Is : qa \n"},{"result":{"nanos":1101999,"millis":1.101999,"status":"passed"},"step":{"background":true,"line":5,"prefix":"*","index":1,"text":"def output = read('info.json')"}},{"result":{"nanos":533700,"millis":0.5337,"status":"passed"},"step":{"line":8,"prefix":"Given","index":0,"text":"url 'https:\/\/reqres.in\/api\/users\/2'"}},{"result":{"nanos":121600,"millis":0.1216,"status":"passed"},"step":{"line":9,"prefix":"And","index":1,"text":"request { \"name\" :\"Mahesh\", \"job\" : \"Software\"}"}},{"result":{"nanos":539031499,"errorMessage":"http call failed after 538 milliseconds for url: https:\/\/reqres.in\/api\/users\/2\njavax.net.ssl.SSLHandshakeException: PKIX path building failed: sun.security.provider.certpath.SunCertPathBuilderException: unable to find valid certification path to requested target\nclasspath:examples\/users\/Put.feature:10","millis":539.031499,"status":"failed"},"step":{"line":10,"prefix":"When","index":2,"text":"method PUT"},"stepLog":"11:22:14.089 request:\n1 > PUT https:\/\/reqres.in\/api\/users\/2\n1 > Content-Type: application\/json; charset=UTF-8\n1 > Content-Length: 34\n1 > Host: reqres.in\n1 > Connection: Keep-Alive\n1 > User-Agent: Apache-HttpClient\/4.5.14 (Java\/17.0.5)\n1 > Accept-Encoding: gzip,deflate\n{\"name\":\"Mahesh\",\"job\":\"Software\"}\n\n11:22:14.627 javax.net.ssl.SSLHandshakeException: PKIX path building failed: sun.security.provider.certpath.SunCertPathBuilderException: unable to find valid certification path to requested target, http call failed after 538 milliseconds for url: https:\/\/reqres.in\/api\/users\/2\n11:22:14.627 classpath:examples\/users\/Put.feature:10\nWhen method PUT\nhttp call failed after 538 milliseconds for url: https:\/\/reqres.in\/api\/users\/2\njavax.net.ssl.SSLHandshakeException: PKIX path building failed: sun.security.provider.certpath.SunCertPathBuilderException: unable to find valid certification path to requested target\nclasspath:examples\/users\/Put.feature:10\n"},{"result":{"nanos":0,"millis":0.0,"status":"skipped"},"step":{"line":11,"prefix":"Then","index":3,"text":"status 200"}}],"line":15,"description":"","durationMillis":541.541798,"failed":true,"error":"http call failed after 538 milliseconds for url: https:\/\/reqres.in\/api\/users\/2\njavax.net.ssl.SSLHandshakeException: PKIX path building failed: sun.security.provider.certpath.SunCertPathBuilderException: unable to find valid certification path to requested target\nclasspath:examples\/users\/Put.feature:10","tags":["Put1"],"executorName":"pool-1-thread-3","name":"Automating The \"Reqres\" With Test Case ID - \"14538\"","startTime":1697694734083,"refId":"[1.1:15]","endTime":1697694734627,"exampleData":{"Name":"\"Reqres\"","ID":"\"14538\""},"exampleIndex":0},{"sectionIndex":1,"stepResults":[{"result":{"nanos":194299,"millis":0.194299,"status":"passed"},"step":{"background":true,"line":4,"prefix":"*","index":0,"text":"url 'https:\/\/reqres.in\/api\/'"},"stepLog":"11:22:14.085 The Environment Is : qa \n"},{"result":{"nanos":1004999,"millis":1.004999,"status":"passed"},"step":{"background":true,"line":5,"prefix":"*","index":1,"text":"def output = read('info.json')"}},{"result":{"nanos":336700,"millis":0.3367,"status":"passed"},"step":{"line":18,"prefix":"Given","index":0,"text":"path 'users\/2'"}},{"result":{"nanos":104900,"millis":0.1049,"status":"passed"},"step":{"line":19,"prefix":"And","index":1,"text":"request { \"name\" :\"Mahesh\", \"job\" : \"Software\"}"}},{"result":{"nanos":233155700,"errorMessage":"http call failed after 233 milliseconds for url: https:\/\/reqres.in\/api\/users\/2\njavax.net.ssl.SSLHandshakeException: PKIX path building failed: sun.security.provider.certpath.SunCertPathBuilderException: unable to find valid certification path to requested target\nclasspath:examples\/users\/Put.feature:20","millis":233.1557,"status":"failed"},"step":{"line":20,"prefix":"When","index":2,"text":"method PUT"},"stepLog":"11:22:14.090 request:\n1 > PUT https:\/\/reqres.in\/api\/users\/2\n1 > Content-Type: application\/json; charset=UTF-8\n1 > Content-Length: 34\n1 > Host: reqres.in\n1 > Connection: Keep-Alive\n1 > User-Agent: Apache-HttpClient\/4.5.14 (Java\/17.0.5)\n1 > Accept-Encoding: gzip,deflate\n{\"name\":\"Mahesh\",\"job\":\"Software\"}\n\n11:22:14.321 javax.net.ssl.SSLHandshakeException: PKIX path building failed: sun.security.provider.certpath.SunCertPathBuilderException: unable to find valid certification path to requested target, http call failed after 233 milliseconds for url: https:\/\/reqres.in\/api\/users\/2\n11:22:14.321 classpath:examples\/users\/Put.feature:20\nWhen method PUT\nhttp call failed after 233 milliseconds for url: https:\/\/reqres.in\/api\/users\/2\njavax.net.ssl.SSLHandshakeException: PKIX path building failed: sun.security.provider.certpath.SunCertPathBuilderException: unable to find valid certification path to requested target\nclasspath:examples\/users\/Put.feature:20\n"},{"result":{"nanos":0,"millis":0.0,"status":"skipped"},"step":{"line":21,"prefix":"Then","index":3,"text":"status 200"}},{"result":{"nanos":0,"millis":0.0,"status":"skipped"},"step":{"line":22,"prefix":"And","index":4,"text":"print response"}},{"result":{"nanos":0,"millis":0.0,"status":"skipped"},"step":{"line":23,"prefix":"And","index":5,"text":"match $ == { \"name\": \"#string\", \"job\": \"#string\", \"updatedAt\": \"#ignore\"}"}}],"line":27,"description":"","durationMillis":234.796598,"failed":true,"error":"http call failed after 233 milliseconds for url: https:\/\/reqres.in\/api\/users\/2\njavax.net.ssl.SSLHandshakeException: PKIX path building failed: sun.security.provider.certpath.SunCertPathBuilderException: unable to find valid certification path to requested target\nclasspath:examples\/users\/Put.feature:20","tags":["ResponsePut"],"executorName":"pool-1-thread-5","name":"Automating The \"Reqres\" With Test Case ID - \"14538\"","startTime":1697694734083,"refId":"[2.1:27]","endTime":1697694734321,"exampleData":{"Name":"\"Reqres\"","ID":"\"14538\""},"exampleIndex":0},{"sectionIndex":2,"stepResults":[{"result":{"nanos":305400,"millis":0.3054,"status":"passed"},"step":{"background":true,"line":4,"prefix":"*","index":0,"text":"url 'https:\/\/reqres.in\/api\/'"},"stepLog":"11:22:14.106 The Environment Is : qa \n"},{"result":{"nanos":1165101,"millis":1.165101,"status":"passed"},"step":{"background":true,"line":5,"prefix":"*","index":1,"text":"def output = read('info.json')"}},{"result":{"nanos":507401,"millis":0.507401,"status":"passed"},"step":{"line":31,"prefix":"Given","index":0,"text":"path 'users\/2'"}},{"result":{"nanos":161800,"millis":0.1618,"status":"passed"},"step":{"line":32,"prefix":"And","index":1,"text":"request { \"name\" :\"Mahesh\", \"job\" : \"Software\"}"}},{"result":{"nanos":71283600,"errorMessage":"http call failed after 71 milliseconds for url: https:\/\/reqres.in\/api\/users\/2\njavax.net.ssl.SSLHandshakeException: PKIX path building failed: sun.security.provider.certpath.SunCertPathBuilderException: unable to find valid certification path to requested target\nclasspath:examples\/users\/Put.feature:33","millis":71.2836,"status":"failed"},"step":{"line":33,"prefix":"When","index":2,"text":"method PUT"},"stepLog":"11:22:14.111 request:\n1 > PUT https:\/\/reqres.in\/api\/users\/2\n1 > Content-Type: application\/json; charset=UTF-8\n1 > Content-Length: 34\n1 > Host: reqres.in\n1 > Connection: Keep-Alive\n1 > User-Agent: Apache-HttpClient\/4.5.14 (Java\/17.0.5)\n1 > Accept-Encoding: gzip,deflate\n{\"name\":\"Mahesh\",\"job\":\"Software\"}\n\n11:22:14.181 javax.net.ssl.SSLHandshakeException: PKIX path building failed: sun.security.provider.certpath.SunCertPathBuilderException: unable to find valid certification path to requested target, http call failed after 71 milliseconds for url: https:\/\/reqres.in\/api\/users\/2\n11:22:14.181 classpath:examples\/users\/Put.feature:33\nWhen method PUT\nhttp call failed after 71 milliseconds for url: https:\/\/reqres.in\/api\/users\/2\njavax.net.ssl.SSLHandshakeException: PKIX path building failed: sun.security.provider.certpath.SunCertPathBuilderException: unable to find valid certification path to requested target\nclasspath:examples\/users\/Put.feature:33\n"},{"result":{"nanos":0,"millis":0.0,"status":"skipped"},"step":{"line":34,"prefix":"Then","index":3,"text":"status 200"}},{"result":{"nanos":0,"millis":0.0,"status":"skipped"},"step":{"line":35,"prefix":"And","index":4,"text":"print response"}},{"result":{"nanos":0,"millis":0.0,"status":"skipped"},"step":{"line":36,"prefix":"And","index":5,"text":"match $ == output[2]"}}],"line":40,"description":"","durationMillis":73.423302,"failed":true,"error":"http call failed after 71 milliseconds for url: https:\/\/reqres.in\/api\/users\/2\njavax.net.ssl.SSLHandshakeException: PKIX path building failed: sun.security.provider.certpath.SunCertPathBuilderException: unable to find valid certification path to requested target\nclasspath:examples\/users\/Put.feature:33","tags":["Response1Put"],"executorName":"pool-1-thread-4","name":"Automating The \"Reqres\" With Test Case ID - \"14538\"","startTime":1697694734104,"refId":"[3.1:40]","endTime":1697694734181,"exampleData":{"Name":"\"Reqres\"","ID":"\"14538\""},"exampleIndex":0}],"callDepth":0,"name":"Validating The Put Request","description":"","resultDate":"2023-10-19 11:22:15 am","durationMillis":849.761698,"passedCount":0}