{"failedCount":3,"prefixedPath":"classpath:examples\/users\/Put.feature","packageQualifiedName":"examples.users.Put","loopIndex":-1,"relativePath":"examples\/users\/Put.feature","scenarioResults":[{"sectionIndex":0,"stepResults":[{"result":{"nanos":279000,"millis":0.279,"status":"passed"},"step":{"background":true,"line":4,"prefix":"*","index":0,"text":"url 'https:\/\/reqres.in\/api\/'"},"stepLog":"11:09:08.439 The Environment Is : qa \n"},{"result":{"nanos":1042300,"millis":1.0423,"status":"passed"},"step":{"background":true,"line":5,"prefix":"*","index":1,"text":"def output = read('info.json')"}},{"result":{"nanos":516800,"millis":0.5168,"status":"passed"},"step":{"line":8,"prefix":"Given","index":0,"text":"url 'https:\/\/reqres.in\/api\/users\/2'"}},{"result":{"nanos":162300,"millis":0.1623,"status":"passed"},"step":{"line":9,"prefix":"And","index":1,"text":"request { \"name\" :\"Mahesh\", \"job\" : \"Software\"}"}},{"result":{"nanos":256088400,"errorMessage":"http call failed after 255 milliseconds for url: https:\/\/reqres.in\/api\/users\/2\njavax.net.ssl.SSLHandshakeException: PKIX path building failed: sun.security.provider.certpath.SunCertPathBuilderException: unable to find valid certification path to requested target\nclasspath:examples\/users\/Put.feature:10","millis":256.0884,"status":"failed"},"step":{"line":10,"prefix":"When","index":2,"text":"method PUT"},"stepLog":"11:09:08.444 request:\n1 > PUT https:\/\/reqres.in\/api\/users\/2\n1 > Content-Type: application\/json; charset=UTF-8\n1 > Content-Length: 34\n1 > Host: reqres.in\n1 > Connection: Keep-Alive\n1 > User-Agent: Apache-HttpClient\/4.5.14 (Java\/17.0.5)\n1 > Accept-Encoding: gzip,deflate\n{\"name\":\"Mahesh\",\"job\":\"Software\"}\n\n11:09:08.698 javax.net.ssl.SSLHandshakeException: PKIX path building failed: sun.security.provider.certpath.SunCertPathBuilderException: unable to find valid certification path to requested target, http call failed after 255 milliseconds for url: https:\/\/reqres.in\/api\/users\/2\n11:09:08.699 classpath:examples\/users\/Put.feature:10\nWhen method PUT\nhttp call failed after 255 milliseconds for url: https:\/\/reqres.in\/api\/users\/2\njavax.net.ssl.SSLHandshakeException: PKIX path building failed: sun.security.provider.certpath.SunCertPathBuilderException: unable to find valid certification path to requested target\nclasspath:examples\/users\/Put.feature:10\n"},{"result":{"nanos":0,"millis":0.0,"status":"skipped"},"step":{"line":11,"prefix":"Then","index":3,"text":"status 200"}}],"line":15,"description":"","durationMillis":258.0888,"failed":true,"error":"http call failed after 255 milliseconds for url: https:\/\/reqres.in\/api\/users\/2\njavax.net.ssl.SSLHandshakeException: PKIX path building failed: sun.security.provider.certpath.SunCertPathBuilderException: unable to find valid certification path to requested target\nclasspath:examples\/users\/Put.feature:10","tags":["Put1"],"executorName":"pool-1-thread-5","name":"Automating The \"Reqres\" With Test Case ID - \"14538\"","startTime":1697780348435,"refId":"[1.1:15]","endTime":1697780348699,"exampleData":{"Name":"\"Reqres\"","ID":"\"14538\""},"exampleIndex":0},{"sectionIndex":1,"stepResults":[{"result":{"nanos":251000,"millis":0.251,"status":"passed"},"step":{"background":true,"line":4,"prefix":"*","index":0,"text":"url 'https:\/\/reqres.in\/api\/'"},"stepLog":"11:09:08.452 The Environment Is : qa \n"},{"result":{"nanos":1684400,"millis":1.6844,"status":"passed"},"step":{"background":true,"line":5,"prefix":"*","index":1,"text":"def output = read('info.json')"}},{"result":{"nanos":673500,"millis":0.6735,"status":"passed"},"step":{"line":18,"prefix":"Given","index":0,"text":"path 'users\/2'"}},{"result":{"nanos":175300,"millis":0.1753,"status":"passed"},"step":{"line":19,"prefix":"And","index":1,"text":"request { \"name\" :\"Mahesh\", \"job\" : \"Software\"}"}},{"result":{"nanos":242653000,"errorMessage":"http call failed after 242 milliseconds for url: https:\/\/reqres.in\/api\/users\/2\njavax.net.ssl.SSLHandshakeException: PKIX path building failed: sun.security.provider.certpath.SunCertPathBuilderException: unable to find valid certification path to requested target\nclasspath:examples\/users\/Put.feature:20","millis":242.653,"status":"failed"},"step":{"line":20,"prefix":"When","index":2,"text":"method PUT"},"stepLog":"11:09:08.457 request:\n1 > PUT https:\/\/reqres.in\/api\/users\/2\n1 > Content-Type: application\/json; charset=UTF-8\n1 > Content-Length: 34\n1 > Host: reqres.in\n1 > Connection: Keep-Alive\n1 > User-Agent: Apache-HttpClient\/4.5.14 (Java\/17.0.5)\n1 > Accept-Encoding: gzip,deflate\n{\"name\":\"Mahesh\",\"job\":\"Software\"}\n\n11:09:08.698 javax.net.ssl.SSLHandshakeException: PKIX path building failed: sun.security.provider.certpath.SunCertPathBuilderException: unable to find valid certification path to requested target, http call failed after 242 milliseconds for url: https:\/\/reqres.in\/api\/users\/2\n11:09:08.698 classpath:examples\/users\/Put.feature:20\nWhen method PUT\nhttp call failed after 242 milliseconds for url: https:\/\/reqres.in\/api\/users\/2\njavax.net.ssl.SSLHandshakeException: PKIX path building failed: sun.security.provider.certpath.SunCertPathBuilderException: unable to find valid certification path to requested target\nclasspath:examples\/users\/Put.feature:20\n"},{"result":{"nanos":0,"millis":0.0,"status":"skipped"},"step":{"line":21,"prefix":"Then","index":3,"text":"status 200"}},{"result":{"nanos":0,"millis":0.0,"status":"skipped"},"step":{"line":22,"prefix":"And","index":4,"text":"print response"}},{"result":{"nanos":0,"millis":0.0,"status":"skipped"},"step":{"line":23,"prefix":"And","index":5,"text":"match $ == { \"name\": \"#string\", \"job\": \"#string\", \"updatedAt\": \"#ignore\"}"}}],"line":27,"description":"","durationMillis":245.4372,"failed":true,"error":"http call failed after 242 milliseconds for url: https:\/\/reqres.in\/api\/users\/2\njavax.net.ssl.SSLHandshakeException: PKIX path building failed: sun.security.provider.certpath.SunCertPathBuilderException: unable to find valid certification path to requested target\nclasspath:examples\/users\/Put.feature:20","tags":["ResponsePut"],"executorName":"pool-1-thread-4","name":"Automating The \"Reqres\" With Test Case ID - \"14538\"","startTime":1697780348434,"refId":"[2.1:27]","endTime":1697780348698,"exampleData":{"Name":"\"Reqres\"","ID":"\"14538\""},"exampleIndex":0},{"sectionIndex":2,"stepResults":[{"result":{"nanos":2224100,"millis":2.2241,"status":"passed"},"step":{"background":true,"line":4,"prefix":"*","index":0,"text":"url 'https:\/\/reqres.in\/api\/'"},"stepLog":"11:09:08.436 The Environment Is : qa \n"},{"result":{"nanos":7895800,"millis":7.8958,"status":"passed"},"step":{"background":true,"line":5,"prefix":"*","index":1,"text":"def output = read('info.json')"}},{"result":{"nanos":650200,"millis":0.6502,"status":"passed"},"step":{"line":31,"prefix":"Given","index":0,"text":"path 'users\/2'"}},{"result":{"nanos":184100,"millis":0.1841,"status":"passed"},"step":{"line":32,"prefix":"And","index":1,"text":"request { \"name\" :\"Mahesh\", \"job\" : \"Software\"}"}},{"result":{"nanos":276303300,"errorMessage":"http call failed after 276 milliseconds for url: https:\/\/reqres.in\/api\/users\/2\njavax.net.ssl.SSLHandshakeException: PKIX path building failed: sun.security.provider.certpath.SunCertPathBuilderException: unable to find valid certification path to requested target\nclasspath:examples\/users\/Put.feature:33","millis":276.3033,"status":"failed"},"step":{"line":33,"prefix":"When","index":2,"text":"method PUT"},"stepLog":"11:09:08.466 request:\n1 > PUT https:\/\/reqres.in\/api\/users\/2\n1 > Content-Type: application\/json; charset=UTF-8\n1 > Content-Length: 34\n1 > Host: reqres.in\n1 > Connection: Keep-Alive\n1 > User-Agent: Apache-HttpClient\/4.5.14 (Java\/17.0.5)\n1 > Accept-Encoding: gzip,deflate\n{\"name\":\"Mahesh\",\"job\":\"Software\"}\n\n11:09:08.726 javax.net.ssl.SSLHandshakeException: PKIX path building failed: sun.security.provider.certpath.SunCertPathBuilderException: unable to find valid certification path to requested target, http call failed after 276 milliseconds for url: https:\/\/reqres.in\/api\/users\/2\n11:09:08.726 classpath:examples\/users\/Put.feature:33\nWhen method PUT\nhttp call failed after 276 milliseconds for url: https:\/\/reqres.in\/api\/users\/2\njavax.net.ssl.SSLHandshakeException: PKIX path building failed: sun.security.provider.certpath.SunCertPathBuilderException: unable to find valid certification path to requested target\nclasspath:examples\/users\/Put.feature:33\n"},{"result":{"nanos":0,"millis":0.0,"status":"skipped"},"step":{"line":34,"prefix":"Then","index":3,"text":"status 200"}},{"result":{"nanos":0,"millis":0.0,"status":"skipped"},"step":{"line":35,"prefix":"And","index":4,"text":"print response"}},{"result":{"nanos":0,"millis":0.0,"status":"skipped"},"step":{"line":36,"prefix":"And","index":5,"text":"match $ == output[2]"}}],"line":40,"description":"","durationMillis":287.2575,"failed":true,"error":"http call failed after 276 milliseconds for url: https:\/\/reqres.in\/api\/users\/2\njavax.net.ssl.SSLHandshakeException: PKIX path building failed: sun.security.provider.certpath.SunCertPathBuilderException: unable to find valid certification path to requested target\nclasspath:examples\/users\/Put.feature:33","tags":["Response1Put"],"executorName":"pool-1-thread-1","name":"Automating The \"Reqres\" With Test Case ID - \"14538\"","startTime":1697780348434,"refId":"[3.1:40]","endTime":1697780348727,"exampleData":{"Name":"\"Reqres\"","ID":"\"14538\""},"exampleIndex":0}],"callDepth":0,"name":"Validating The Put Request","description":"","resultDate":"2023-10-20 11:09:09 am","durationMillis":790.7835,"passedCount":0}